  ConvertUTF.c
  buffer.c
  hde32.c
  hde64.c
  hook.c
  trampoline.c
  dllmain.cpp
  imgui.cpp
  imgui_draw.cpp
  imgui_impl_dx11.cpp
  imgui_impl_win32.cpp
  imgui_stdlib.cpp
  imgui_widgets.cpp
  pattern.cpp
C:\Users\egor\Desktop\MAfiozy.cc\DxDLLRender\sdk\utilities.h(26,29): error C3861: __readgsqword: идентификатор не найден (компилируется исходный файл dllmain.cpp)
C:\Users\egor\Desktop\MAfiozy.cc\DxDLLRender\il2cpp.hpp(135,100): error C2440: аргумент по умолчанию: невозможно преобразовать "const char [1]" в "char *" (компилируется исходный файл dllmain.cpp)
C:\Users\egor\Desktop\MAfiozy.cc\DxDLLRender\il2cpp.hpp(135,97): message : При преобразовании из строкового литерала теряется квалификатор (см. /Zc:strictStrings) (компилируется исходный файл dllmain.cpp)
C:\Users\egor\Desktop\MAfiozy.cc\DxDLLRender\il2cpp.hpp(166,173): error C2440: аргумент по умолчанию: невозможно преобразовать "const char [1]" в "char *" (компилируется исходный файл dllmain.cpp)
C:\Users\egor\Desktop\MAfiozy.cc\DxDLLRender\il2cpp.hpp(166,170): message : При преобразовании из строкового литерала теряется квалификатор (см. /Zc:strictStrings) (компилируется исходный файл dllmain.cpp)
C:\Users\egor\Desktop\MAfiozy.cc\DxDLLRender\il2cpp.hpp(215,115): error C2664: "uintptr_t il2cpp::method(const char *,const char *,int,char *,const char *,int)": невозможно преобразовать аргумент 4 из "const char [1]" в "char *" (компилируется исходный файл dllmain.cpp)
C:\Users\egor\Desktop\MAfiozy.cc\DxDLLRender\il2cpp.hpp(215,100): message : При преобразовании из строкового литерала теряется квалификатор (см. /Zc:strictStrings) (компилируется исходный файл dllmain.cpp)
C:\Users\egor\Desktop\MAfiozy.cc\DxDLLRender\il2cpp.hpp(135,12): message : см. объявление "il2cpp::method" (компилируется исходный файл dllmain.cpp)
C:\Users\egor\Desktop\MAfiozy.cc\DxDLLRender\sdk\sdk.h(392,183): error C2664: "uintptr_t il2cpp::method(const char *,const char *,int,char *,const char *,int)": невозможно преобразовать аргумент 4 из "const char [1]" в "char *" (компилируется исходный файл dllmain.cpp)
C:\Users\egor\Desktop\MAfiozy.cc\DxDLLRender\sdk\sdk.h(392,174): message : При преобразовании из строкового литерала теряется квалификатор (см. /Zc:strictStrings) (компилируется исходный файл dllmain.cpp)
C:\Users\egor\Desktop\MAfiozy.cc\DxDLLRender\il2cpp.hpp(135,12): message : см. объявление "il2cpp::method" (компилируется исходный файл dllmain.cpp)
C:\Users\egor\Desktop\MAfiozy.cc\DxDLLRender\sdk\sdk.h(393,171): error C2664: "uintptr_t il2cpp::method(const char *,const char *,int,char *,const char *,int)": невозможно преобразовать аргумент 4 из "const char [1]" в "char *" (компилируется исходный файл dllmain.cpp)
C:\Users\egor\Desktop\MAfiozy.cc\DxDLLRender\sdk\sdk.h(393,151): message : При преобразовании из строкового литерала теряется квалификатор (см. /Zc:strictStrings) (компилируется исходный файл dllmain.cpp)
C:\Users\egor\Desktop\MAfiozy.cc\DxDLLRender\il2cpp.hpp(135,12): message : см. объявление "il2cpp::method" (компилируется исходный файл dllmain.cpp)
C:\Users\egor\Desktop\MAfiozy.cc\DxDLLRender\sdk\sdk.h(394,165): error C2664: "uintptr_t il2cpp::method(const char *,const char *,int,char *,const char *,int)": невозможно преобразовать аргумент 4 из "const char [1]" в "char *" (компилируется исходный файл dllmain.cpp)
C:\Users\egor\Desktop\MAfiozy.cc\DxDLLRender\sdk\sdk.h(394,145): message : При преобразовании из строкового литерала теряется квалификатор (см. /Zc:strictStrings) (компилируется исходный файл dllmain.cpp)
C:\Users\egor\Desktop\MAfiozy.cc\DxDLLRender\il2cpp.hpp(135,12): message : см. объявление "il2cpp::method" (компилируется исходный файл dllmain.cpp)
C:\Users\egor\Desktop\MAfiozy.cc\DxDLLRender\sdk\sdk.h(395,202): error C2664: "uintptr_t il2cpp::method(const char *,const char *,int,char *,const char *,int)": невозможно преобразовать аргумент 4 из "const char [1]" в "char *" (компилируется исходный файл dllmain.cpp)
C:\Users\egor\Desktop\MAfiozy.cc\DxDLLRender\sdk\sdk.h(395,182): message : При преобразовании из строкового литерала теряется квалификатор (см. /Zc:strictStrings) (компилируется исходный файл dllmain.cpp)
C:\Users\egor\Desktop\MAfiozy.cc\DxDLLRender\il2cpp.hpp(135,12): message : см. объявление "il2cpp::method" (компилируется исходный файл dllmain.cpp)
C:\Users\egor\Desktop\MAfiozy.cc\DxDLLRender\sdk\sdk.h(459,16): error C3536: get_Renderers: не может использоваться до инициализации (компилируется исходный файл dllmain.cpp)
C:\Users\egor\Desktop\MAfiozy.cc\DxDLLRender\sdk\sdk.h(459,200): error C2440: =: невозможно преобразовать "rust::list<uintptr_t> *(__cdecl *)(uintptr_t)" в "int" (компилируется исходный файл dllmain.cpp)
C:\Users\egor\Desktop\MAfiozy.cc\DxDLLRender\sdk\sdk.h(459,74): message : Не существует контекста, в котором такое преобразование возможно (компилируется исходный файл dllmain.cpp)
C:\Users\egor\Desktop\MAfiozy.cc\DxDLLRender\sdk\sdk.h(460,15): error C3536: get_material: не может использоваться до инициализации (компилируется исходный файл dllmain.cpp)
C:\Users\egor\Desktop\MAfiozy.cc\DxDLLRender\sdk\sdk.h(460,181): error C2440: =: невозможно преобразовать "uintptr_t (__cdecl *)(uintptr_t)" в "int" (компилируется исходный файл dllmain.cpp)
C:\Users\egor\Desktop\MAfiozy.cc\DxDLLRender\sdk\sdk.h(460,59): message : Не существует контекста, в котором такое преобразование возможно (компилируется исходный файл dllmain.cpp)
C:\Users\egor\Desktop\MAfiozy.cc\DxDLLRender\sdk\sdk.h(461,7): error C3536: Find: не может использоваться до инициализации (компилируется исходный файл dllmain.cpp)
C:\Users\egor\Desktop\MAfiozy.cc\DxDLLRender\sdk\sdk.h(461,181): error C2440: =: невозможно преобразовать "uintptr_t (__cdecl *)(rust::classes::string)" в "int" (компилируется исходный файл dllmain.cpp)
C:\Users\egor\Desktop\MAfiozy.cc\DxDLLRender\sdk\sdk.h(461,63): message : Не существует контекста, в котором такое преобразование возможно (компилируется исходный файл dllmain.cpp)
C:\Users\egor\Desktop\MAfiozy.cc\DxDLLRender\sdk\sdk.h(462,9): error C3536: SetInt: не может использоваться до инициализации (компилируется исходный файл dllmain.cpp)
C:\Users\egor\Desktop\MAfiozy.cc\DxDLLRender\sdk\sdk.h(462,218): error C2440: =: невозможно преобразовать "void (__cdecl *)(uintptr_t,rust::classes::string,int)" в "int" (компилируется исходный файл dllmain.cpp)
C:\Users\egor\Desktop\MAfiozy.cc\DxDLLRender\sdk\sdk.h(462,96): message : Не существует контекста, в котором такое преобразование возможно (компилируется исходный файл dllmain.cpp)
C:\Users\egor\Desktop\MAfiozy.cc\DxDLLRender\hooks.hpp(422,27): error C2079: "arr" использует не имеющую определения структуру class "std::array<Vector3,10>" (компилируется исходный файл dllmain.cpp)
C:\Users\egor\Desktop\MAfiozy.cc\DxDLLRender\hooks.hpp(422,33): error C2440: инициализация: невозможно преобразовать "initializer list" в "int" (компилируется исходный файл dllmain.cpp)
C:\Users\egor\Desktop\MAfiozy.cc\DxDLLRender\hooks.hpp(422,33): message : Инициализатор содержит слишком много элементов (компилируется исходный файл dllmain.cpp)
C:\Users\egor\Desktop\MAfiozy.cc\DxDLLRender\hooks.hpp(437,17): error C2672: "begin": не найдена соответствующая перегруженная функция (компилируется исходный файл dllmain.cpp)
C:\Users\egor\Desktop\MAfiozy.cc\DxDLLRender\hooks.hpp(437,22): error C2893: Сбой при специализации функции-шаблона "unknown-type std::begin(_Container &)". (компилируется исходный файл dllmain.cpp)
C:\Program Files (x86)\Microsoft Visual Studio\2019\Community\VC\Tools\MSVC\14.29.30133\include\xutility(1916): message : см. объявление "std::begin" (компилируется исходный файл dllmain.cpp)
C:\Users\egor\Desktop\MAfiozy.cc\DxDLLRender\hooks.hpp(437,22): message : Со следующими аргументами шаблона: (компилируется исходный файл dllmain.cpp)
C:\Users\egor\Desktop\MAfiozy.cc\DxDLLRender\hooks.hpp(437,22): message : "_Container=int" (компилируется исходный файл dllmain.cpp)
C:\Users\egor\Desktop\MAfiozy.cc\DxDLLRender\hooks.hpp(437,22): error C2784: const _Elem *std::begin(std::initializer_list<_Elem>) noexcept: не удалось вывести аргумент шаблон для "std::initializer_list<_Elem>" из "int" (компилируется исходный файл dllmain.cpp)
C:\Program Files (x86)\Microsoft Visual Studio\2019\Community\VC\Tools\MSVC\14.29.30133\include\initializer_list(57): message : см. объявление "std::begin" (компилируется исходный файл dllmain.cpp)
C:\Users\egor\Desktop\MAfiozy.cc\DxDLLRender\hooks.hpp(437,17): error C2672: "end": не найдена соответствующая перегруженная функция (компилируется исходный файл dllmain.cpp)
C:\Users\egor\Desktop\MAfiozy.cc\DxDLLRender\hooks.hpp(437,22): error C2893: Сбой при специализации функции-шаблона "unknown-type std::end(_Container &)". (компилируется исходный файл dllmain.cpp)
C:\Program Files (x86)\Microsoft Visual Studio\2019\Community\VC\Tools\MSVC\14.29.30133\include\xutility(1926): message : см. объявление "std::end" (компилируется исходный файл dllmain.cpp)
C:\Users\egor\Desktop\MAfiozy.cc\DxDLLRender\hooks.hpp(437,22): message : Со следующими аргументами шаблона: (компилируется исходный файл dllmain.cpp)
C:\Users\egor\Desktop\MAfiozy.cc\DxDLLRender\hooks.hpp(437,22): message : "_Container=int" (компилируется исходный файл dllmain.cpp)
C:\Users\egor\Desktop\MAfiozy.cc\DxDLLRender\hooks.hpp(437,22): error C2784: const _Elem *std::end(std::initializer_list<_Elem>) noexcept: не удалось вывести аргумент шаблон для "std::initializer_list<_Elem>" из "int" (компилируется исходный файл dllmain.cpp)
C:\Program Files (x86)\Microsoft Visual Studio\2019\Community\VC\Tools\MSVC\14.29.30133\include\initializer_list(63): message : см. объявление "std::end" (компилируется исходный файл dllmain.cpp)
C:\Users\egor\Desktop\MAfiozy.cc\DxDLLRender\hooks.hpp(437,22): error C3536: <begin>$L0: не может использоваться до инициализации (компилируется исходный файл dllmain.cpp)
C:\Users\egor\Desktop\MAfiozy.cc\DxDLLRender\hooks.hpp(437,22): error C3536: <end>$L0: не может использоваться до инициализации (компилируется исходный файл dllmain.cpp)
C:\Users\egor\Desktop\MAfiozy.cc\DxDLLRender\hooks.hpp(437,20): error C2100: недопустимое косвенное обращение (компилируется исходный файл dllmain.cpp)
C:\Users\egor\Desktop\MAfiozy.cc\DxDLLRender\hooks.hpp(438,49): error C2679: бинарный "+": не найден оператор, принимающий правый операнд типа "int" (или приемлемое преобразование отсутствует) (компилируется исходный файл dllmain.cpp)
C:\Users\egor\Desktop\MAfiozy.cc\DxDLLRender\sdk_new\math.h(38,10): message : может быть "Vector3 Vector3::operator +(const Vector3 &) const" (компилируется исходный файл dllmain.cpp)
C:\Users\egor\Desktop\MAfiozy.cc\DxDLLRender\hooks.hpp(438,49): message : при попытке сопоставить список аргументов "(Vector3, int)" (компилируется исходный файл dllmain.cpp)
C:\Users\egor\Desktop\MAfiozy.cc\DxDLLRender\hooks.hpp(445,14): error C2679: бинарный "=": не найден оператор, принимающий правый операнд типа "int" (или приемлемое преобразование отсутствует) (компилируется исходный файл dllmain.cpp)
C:\Users\egor\Desktop\MAfiozy.cc\DxDLLRender\sdk_new\math.h(486,1): message : может быть "Vector3 &Vector3::operator =(Vector3 &&)" (компилируется исходный файл dllmain.cpp)
C:\Users\egor\Desktop\MAfiozy.cc\DxDLLRender\sdk_new\math.h(486,1): message : или       "Vector3 &Vector3::operator =(const Vector3 &)" (компилируется исходный файл dllmain.cpp)
C:\Users\egor\Desktop\MAfiozy.cc\DxDLLRender\hooks.hpp(445,14): message : при попытке сопоставить список аргументов "(Vector3, int)" (компилируется исходный файл dllmain.cpp)
C:\Users\egor\Desktop\MAfiozy.cc\DxDLLRender\hooks.hpp(488,18): error C2064: результатом вычисления фрагмента не является функция, принимающая 1 аргументов (компилируется исходный файл dllmain.cpp)
C:\Users\egor\Desktop\MAfiozy.cc\DxDLLRender\hooks.hpp(489,38): error C3536: render: не может использоваться до инициализации (компилируется исходный файл dllmain.cpp)
C:\Users\egor\Desktop\MAfiozy.cc\DxDLLRender\hooks.hpp(492,17): error C3536: renderer: не может использоваться до инициализации (компилируется исходный файл dllmain.cpp)
C:\Users\egor\Desktop\MAfiozy.cc\DxDLLRender\hooks.hpp(494,22): error C2064: результатом вычисления фрагмента не является функция, принимающая 1 аргументов (компилируется исходный файл dllmain.cpp)
C:\Users\egor\Desktop\MAfiozy.cc\DxDLLRender\hooks.hpp(495,18): error C3536: material: не может использоваться до инициализации (компилируется исходный файл dllmain.cpp)
C:\Users\egor\Desktop\MAfiozy.cc\DxDLLRender\hooks.hpp(498,18): error C2064: результатом вычисления фрагмента не является функция, принимающая 1 аргументов (компилируется исходный файл dllmain.cpp)
C:\Users\egor\Desktop\MAfiozy.cc\DxDLLRender\hooks.hpp(501,9): error C2064: результатом вычисления фрагмента не является функция, принимающая 3 аргументов (компилируется исходный файл dllmain.cpp)
C:\Users\egor\Desktop\MAfiozy.cc\DxDLLRender\hooks.hpp(662,80): error C2664: "bool m_strcmp(char *,char *)": невозможно преобразовать аргумент 2 из "const char [10]" в "char *" (компилируется исходный файл dllmain.cpp)
C:\Users\egor\Desktop\MAfiozy.cc\DxDLLRender\hooks.hpp(662,68): message : При преобразовании из строкового литерала теряется квалификатор (см. /Zc:strictStrings) (компилируется исходный файл dllmain.cpp)
C:\Users\egor\Desktop\MAfiozy.cc\DxDLLRender\crt.h(57,6): message : см. объявление "m_strcmp" (компилируется исходный файл dllmain.cpp)
C:\Users\egor\Desktop\MAfiozy.cc\DxDLLRender\hooks.hpp(662,119): error C2664: "bool m_strcmp(char *,char *)": невозможно преобразовать аргумент 2 из "const char [11]" в "char *" (компилируется исходный файл dllmain.cpp)
C:\Users\egor\Desktop\MAfiozy.cc\DxDLLRender\hooks.hpp(662,106): message : При преобразовании из строкового литерала теряется квалификатор (см. /Zc:strictStrings) (компилируется исходный файл dllmain.cpp)
C:\Users\egor\Desktop\MAfiozy.cc\DxDLLRender\crt.h(57,6): message : см. объявление "m_strcmp" (компилируется исходный файл dllmain.cpp)
C:\Users\egor\Desktop\MAfiozy.cc\DxDLLRender\imgui_elements.h(250,45): error C2676: бинарный "+": "ImVec2" не определяет этот оператор или преобразование к типу приемлемо к встроенному оператору (компилируется исходный файл dllmain.cpp)
C:\Users\egor\Desktop\MAfiozy.cc\DxDLLRender\imgui_elements.h(250,123): error C2676: бинарный "+": "ImVec2" не определяет этот оператор или преобразование к типу приемлемо к встроенному оператору (компилируется исходный файл dllmain.cpp)
C:\Users\egor\Desktop\MAfiozy.cc\DxDLLRender\imgui_elements.h(349,35): error C2676: бинарный "+": "const ImVec2" не определяет этот оператор или преобразование к типу приемлемо к встроенному оператору (компилируется исходный файл dllmain.cpp)
C:\Users\egor\Desktop\MAfiozy.cc\DxDLLRender\imgui_elements.h(350,40): error C2676: бинарный "+": "const ImVec2" не определяет этот оператор или преобразование к типу приемлемо к встроенному оператору (компилируется исходный файл dllmain.cpp)
C:\Users\egor\Desktop\MAfiozy.cc\DxDLLRender\imgui_elements.h(350,75): error C2676: бинарный "-": "const ImVec2" не определяет этот оператор или преобразование к типу приемлемо к встроенному оператору (компилируется исходный файл dllmain.cpp)
C:\Users\egor\Desktop\MAfiozy.cc\DxDLLRender\Menu.h(51,27): error C2676: бинарный "+": "ImVec2" не определяет этот оператор или преобразование к типу приемлемо к встроенному оператору (компилируется исходный файл dllmain.cpp)
C:\Users\egor\Desktop\MAfiozy.cc\DxDLLRender\Menu.h(51,33): error C2664: "ImRect::ImRect(const ImVec4 &)": невозможно преобразовать аргумент 1 из "ImVec2" в "const ImVec4 &" (компилируется исходный файл dllmain.cpp)
C:\Users\egor\Desktop\MAfiozy.cc\DxDLLRender\Menu.h(51,33): message : Причина: невозможно преобразовать "ImVec2" в "const ImVec4" (компилируется исходный файл dllmain.cpp)
C:\Users\egor\Desktop\MAfiozy.cc\DxDLLRender\Menu.h(51,18): message : Для выполнения данного преобразования нет доступного оператора преобразования, определенного пользователем, или вызов оператора невозможен (компилируется исходный файл dllmain.cpp)
C:\Users\egor\Desktop\MAfiozy.cc\DxDLLRender\ImGUI\imgui_internal.h(668,5): message : см. объявление "ImRect::ImRect" (компилируется исходный файл dllmain.cpp)
C:\Users\egor\Desktop\MAfiozy.cc\DxDLLRender\start.h(122,43): error C2440: =: невозможно преобразовать "DWORD_PTR *" в "uintptr_t *" (компилируется исходный файл dllmain.cpp)
C:\Users\egor\Desktop\MAfiozy.cc\DxDLLRender\start.h(122,33): message : Типы, на которые указывают указатели, не связаны; для преобразования требуется reinterpret_cast, приведение в стиле С или приведение в стиле функции (компилируется исходный файл dllmain.cpp)
C:\Users\egor\Desktop\MAfiozy.cc\DxDLLRender\start.h(123,52): error C2440: =: невозможно преобразовать "DWORD_PTR *" в "uintptr_t *" (компилируется исходный файл dllmain.cpp)
C:\Users\egor\Desktop\MAfiozy.cc\DxDLLRender\start.h(123,51): message : Типы, на которые указывают указатели, не связаны; для преобразования требуется reinterpret_cast, приведение в стиле С или приведение в стиле функции (компилируется исходный файл dllmain.cpp)
